G75*
%MOIN*%
%OFA0B0*%
%FSLAX25Y25*%
%IPPOS*%
%LPD*%
%AMOC8*
5,1,8,0,0,1.08239X$1,22.5*
%
%ADD10C,0.00000*%
D10*
X0001800Y0001800D02*
X0001800Y0195501D01*
X0246721Y0195501D01*
X0246721Y0001800D01*
X0001800Y0001800D01*
X0013119Y0014300D02*
X0013121Y0014369D01*
X0013127Y0014437D01*
X0013137Y0014505D01*
X0013151Y0014572D01*
X0013169Y0014639D01*
X0013190Y0014704D01*
X0013216Y0014768D01*
X0013245Y0014830D01*
X0013277Y0014890D01*
X0013313Y0014949D01*
X0013353Y0015005D01*
X0013395Y0015059D01*
X0013441Y0015110D01*
X0013490Y0015159D01*
X0013541Y0015205D01*
X0013595Y0015247D01*
X0013651Y0015287D01*
X0013709Y0015323D01*
X0013770Y0015355D01*
X0013832Y0015384D01*
X0013896Y0015410D01*
X0013961Y0015431D01*
X0014028Y0015449D01*
X0014095Y0015463D01*
X0014163Y0015473D01*
X0014231Y0015479D01*
X0014300Y0015481D01*
X0014369Y0015479D01*
X0014437Y0015473D01*
X0014505Y0015463D01*
X0014572Y0015449D01*
X0014639Y0015431D01*
X0014704Y0015410D01*
X0014768Y0015384D01*
X0014830Y0015355D01*
X0014890Y0015323D01*
X0014949Y0015287D01*
X0015005Y0015247D01*
X0015059Y0015205D01*
X0015110Y0015159D01*
X0015159Y0015110D01*
X0015205Y0015059D01*
X0015247Y0015005D01*
X0015287Y0014949D01*
X0015323Y0014890D01*
X0015355Y0014830D01*
X0015384Y0014768D01*
X0015410Y0014704D01*
X0015431Y0014639D01*
X0015449Y0014572D01*
X0015463Y0014505D01*
X0015473Y0014437D01*
X0015479Y0014369D01*
X0015481Y0014300D01*
X0015479Y0014231D01*
X0015473Y0014163D01*
X0015463Y0014095D01*
X0015449Y0014028D01*
X0015431Y0013961D01*
X0015410Y0013896D01*
X0015384Y0013832D01*
X0015355Y0013770D01*
X0015323Y0013709D01*
X0015287Y0013651D01*
X0015247Y0013595D01*
X0015205Y0013541D01*
X0015159Y0013490D01*
X0015110Y0013441D01*
X0015059Y0013395D01*
X0015005Y0013353D01*
X0014949Y0013313D01*
X0014891Y0013277D01*
X0014830Y0013245D01*
X0014768Y0013216D01*
X0014704Y0013190D01*
X0014639Y0013169D01*
X0014572Y0013151D01*
X0014505Y0013137D01*
X0014437Y0013127D01*
X0014369Y0013121D01*
X0014300Y0013119D01*
X0014231Y0013121D01*
X0014163Y0013127D01*
X0014095Y0013137D01*
X0014028Y0013151D01*
X0013961Y0013169D01*
X0013896Y0013190D01*
X0013832Y0013216D01*
X0013770Y0013245D01*
X0013709Y0013277D01*
X0013651Y0013313D01*
X0013595Y0013353D01*
X0013541Y0013395D01*
X0013490Y0013441D01*
X0013441Y0013490D01*
X0013395Y0013541D01*
X0013353Y0013595D01*
X0013313Y0013651D01*
X0013277Y0013709D01*
X0013245Y0013770D01*
X0013216Y0013832D01*
X0013190Y0013896D01*
X0013169Y0013961D01*
X0013151Y0014028D01*
X0013137Y0014095D01*
X0013127Y0014163D01*
X0013121Y0014231D01*
X0013119Y0014300D01*
X0233119Y0014300D02*
X0233121Y0014369D01*
X0233127Y0014437D01*
X0233137Y0014505D01*
X0233151Y0014572D01*
X0233169Y0014639D01*
X0233190Y0014704D01*
X0233216Y0014768D01*
X0233245Y0014830D01*
X0233277Y0014890D01*
X0233313Y0014949D01*
X0233353Y0015005D01*
X0233395Y0015059D01*
X0233441Y0015110D01*
X0233490Y0015159D01*
X0233541Y0015205D01*
X0233595Y0015247D01*
X0233651Y0015287D01*
X0233709Y0015323D01*
X0233770Y0015355D01*
X0233832Y0015384D01*
X0233896Y0015410D01*
X0233961Y0015431D01*
X0234028Y0015449D01*
X0234095Y0015463D01*
X0234163Y0015473D01*
X0234231Y0015479D01*
X0234300Y0015481D01*
X0234369Y0015479D01*
X0234437Y0015473D01*
X0234505Y0015463D01*
X0234572Y0015449D01*
X0234639Y0015431D01*
X0234704Y0015410D01*
X0234768Y0015384D01*
X0234830Y0015355D01*
X0234890Y0015323D01*
X0234949Y0015287D01*
X0235005Y0015247D01*
X0235059Y0015205D01*
X0235110Y0015159D01*
X0235159Y0015110D01*
X0235205Y0015059D01*
X0235247Y0015005D01*
X0235287Y0014949D01*
X0235323Y0014890D01*
X0235355Y0014830D01*
X0235384Y0014768D01*
X0235410Y0014704D01*
X0235431Y0014639D01*
X0235449Y0014572D01*
X0235463Y0014505D01*
X0235473Y0014437D01*
X0235479Y0014369D01*
X0235481Y0014300D01*
X0235479Y0014231D01*
X0235473Y0014163D01*
X0235463Y0014095D01*
X0235449Y0014028D01*
X0235431Y0013961D01*
X0235410Y0013896D01*
X0235384Y0013832D01*
X0235355Y0013770D01*
X0235323Y0013709D01*
X0235287Y0013651D01*
X0235247Y0013595D01*
X0235205Y0013541D01*
X0235159Y0013490D01*
X0235110Y0013441D01*
X0235059Y0013395D01*
X0235005Y0013353D01*
X0234949Y0013313D01*
X0234891Y0013277D01*
X0234830Y0013245D01*
X0234768Y0013216D01*
X0234704Y0013190D01*
X0234639Y0013169D01*
X0234572Y0013151D01*
X0234505Y0013137D01*
X0234437Y0013127D01*
X0234369Y0013121D01*
X0234300Y0013119D01*
X0234231Y0013121D01*
X0234163Y0013127D01*
X0234095Y0013137D01*
X0234028Y0013151D01*
X0233961Y0013169D01*
X0233896Y0013190D01*
X0233832Y0013216D01*
X0233770Y0013245D01*
X0233709Y0013277D01*
X0233651Y0013313D01*
X0233595Y0013353D01*
X0233541Y0013395D01*
X0233490Y0013441D01*
X0233441Y0013490D01*
X0233395Y0013541D01*
X0233353Y0013595D01*
X0233313Y0013651D01*
X0233277Y0013709D01*
X0233245Y0013770D01*
X0233216Y0013832D01*
X0233190Y0013896D01*
X0233169Y0013961D01*
X0233151Y0014028D01*
X0233137Y0014095D01*
X0233127Y0014163D01*
X0233121Y0014231D01*
X0233119Y0014300D01*
X0233119Y0184300D02*
X0233121Y0184369D01*
X0233127Y0184437D01*
X0233137Y0184505D01*
X0233151Y0184572D01*
X0233169Y0184639D01*
X0233190Y0184704D01*
X0233216Y0184768D01*
X0233245Y0184830D01*
X0233277Y0184890D01*
X0233313Y0184949D01*
X0233353Y0185005D01*
X0233395Y0185059D01*
X0233441Y0185110D01*
X0233490Y0185159D01*
X0233541Y0185205D01*
X0233595Y0185247D01*
X0233651Y0185287D01*
X0233709Y0185323D01*
X0233770Y0185355D01*
X0233832Y0185384D01*
X0233896Y0185410D01*
X0233961Y0185431D01*
X0234028Y0185449D01*
X0234095Y0185463D01*
X0234163Y0185473D01*
X0234231Y0185479D01*
X0234300Y0185481D01*
X0234369Y0185479D01*
X0234437Y0185473D01*
X0234505Y0185463D01*
X0234572Y0185449D01*
X0234639Y0185431D01*
X0234704Y0185410D01*
X0234768Y0185384D01*
X0234830Y0185355D01*
X0234890Y0185323D01*
X0234949Y0185287D01*
X0235005Y0185247D01*
X0235059Y0185205D01*
X0235110Y0185159D01*
X0235159Y0185110D01*
X0235205Y0185059D01*
X0235247Y0185005D01*
X0235287Y0184949D01*
X0235323Y0184890D01*
X0235355Y0184830D01*
X0235384Y0184768D01*
X0235410Y0184704D01*
X0235431Y0184639D01*
X0235449Y0184572D01*
X0235463Y0184505D01*
X0235473Y0184437D01*
X0235479Y0184369D01*
X0235481Y0184300D01*
X0235479Y0184231D01*
X0235473Y0184163D01*
X0235463Y0184095D01*
X0235449Y0184028D01*
X0235431Y0183961D01*
X0235410Y0183896D01*
X0235384Y0183832D01*
X0235355Y0183770D01*
X0235323Y0183709D01*
X0235287Y0183651D01*
X0235247Y0183595D01*
X0235205Y0183541D01*
X0235159Y0183490D01*
X0235110Y0183441D01*
X0235059Y0183395D01*
X0235005Y0183353D01*
X0234949Y0183313D01*
X0234891Y0183277D01*
X0234830Y0183245D01*
X0234768Y0183216D01*
X0234704Y0183190D01*
X0234639Y0183169D01*
X0234572Y0183151D01*
X0234505Y0183137D01*
X0234437Y0183127D01*
X0234369Y0183121D01*
X0234300Y0183119D01*
X0234231Y0183121D01*
X0234163Y0183127D01*
X0234095Y0183137D01*
X0234028Y0183151D01*
X0233961Y0183169D01*
X0233896Y0183190D01*
X0233832Y0183216D01*
X0233770Y0183245D01*
X0233709Y0183277D01*
X0233651Y0183313D01*
X0233595Y0183353D01*
X0233541Y0183395D01*
X0233490Y0183441D01*
X0233441Y0183490D01*
X0233395Y0183541D01*
X0233353Y0183595D01*
X0233313Y0183651D01*
X0233277Y0183709D01*
X0233245Y0183770D01*
X0233216Y0183832D01*
X0233190Y0183896D01*
X0233169Y0183961D01*
X0233151Y0184028D01*
X0233137Y0184095D01*
X0233127Y0184163D01*
X0233121Y0184231D01*
X0233119Y0184300D01*
X0013119Y0184300D02*
X0013121Y0184369D01*
X0013127Y0184437D01*
X0013137Y0184505D01*
X0013151Y0184572D01*
X0013169Y0184639D01*
X0013190Y0184704D01*
X0013216Y0184768D01*
X0013245Y0184830D01*
X0013277Y0184890D01*
X0013313Y0184949D01*
X0013353Y0185005D01*
X0013395Y0185059D01*
X0013441Y0185110D01*
X0013490Y0185159D01*
X0013541Y0185205D01*
X0013595Y0185247D01*
X0013651Y0185287D01*
X0013709Y0185323D01*
X0013770Y0185355D01*
X0013832Y0185384D01*
X0013896Y0185410D01*
X0013961Y0185431D01*
X0014028Y0185449D01*
X0014095Y0185463D01*
X0014163Y0185473D01*
X0014231Y0185479D01*
X0014300Y0185481D01*
X0014369Y0185479D01*
X0014437Y0185473D01*
X0014505Y0185463D01*
X0014572Y0185449D01*
X0014639Y0185431D01*
X0014704Y0185410D01*
X0014768Y0185384D01*
X0014830Y0185355D01*
X0014890Y0185323D01*
X0014949Y0185287D01*
X0015005Y0185247D01*
X0015059Y0185205D01*
X0015110Y0185159D01*
X0015159Y0185110D01*
X0015205Y0185059D01*
X0015247Y0185005D01*
X0015287Y0184949D01*
X0015323Y0184890D01*
X0015355Y0184830D01*
X0015384Y0184768D01*
X0015410Y0184704D01*
X0015431Y0184639D01*
X0015449Y0184572D01*
X0015463Y0184505D01*
X0015473Y0184437D01*
X0015479Y0184369D01*
X0015481Y0184300D01*
X0015479Y0184231D01*
X0015473Y0184163D01*
X0015463Y0184095D01*
X0015449Y0184028D01*
X0015431Y0183961D01*
X0015410Y0183896D01*
X0015384Y0183832D01*
X0015355Y0183770D01*
X0015323Y0183709D01*
X0015287Y0183651D01*
X0015247Y0183595D01*
X0015205Y0183541D01*
X0015159Y0183490D01*
X0015110Y0183441D01*
X0015059Y0183395D01*
X0015005Y0183353D01*
X0014949Y0183313D01*
X0014891Y0183277D01*
X0014830Y0183245D01*
X0014768Y0183216D01*
X0014704Y0183190D01*
X0014639Y0183169D01*
X0014572Y0183151D01*
X0014505Y0183137D01*
X0014437Y0183127D01*
X0014369Y0183121D01*
X0014300Y0183119D01*
X0014231Y0183121D01*
X0014163Y0183127D01*
X0014095Y0183137D01*
X0014028Y0183151D01*
X0013961Y0183169D01*
X0013896Y0183190D01*
X0013832Y0183216D01*
X0013770Y0183245D01*
X0013709Y0183277D01*
X0013651Y0183313D01*
X0013595Y0183353D01*
X0013541Y0183395D01*
X0013490Y0183441D01*
X0013441Y0183490D01*
X0013395Y0183541D01*
X0013353Y0183595D01*
X0013313Y0183651D01*
X0013277Y0183709D01*
X0013245Y0183770D01*
X0013216Y0183832D01*
X0013190Y0183896D01*
X0013169Y0183961D01*
X0013151Y0184028D01*
X0013137Y0184095D01*
X0013127Y0184163D01*
X0013121Y0184231D01*
X0013119Y0184300D01*
M02*
