20:40:23 **** Incremental Build of configuration Release for project src ****
make all 
Building file: ../main.c
Invoking: AVR Compiler
avr-gcc -Wall -Os -fpack-struct -fshort-enums -ffunction-sections -fdata-sections -std=gnu99 -funsigned-char -funsigned-bitfields -mmcu=attiny24 -DF_CPU=8000000UL -MMD -MP -MF"main.d" -MT"main.d" -c -o "main.o" "../main.c"
Finished building: ../main.c
 
Building target: src.elf
Invoking: AVR C++ Linker
avr-g++ -Wl,-Map,src.map,--cref -mrelax -Wl,--gc-sections -mmcu=attiny24 -o "src.elf"  ./.metadata/.plugins/org.eclipse.cdt.make.core/specs.o  ./main.o   
Finished building target: src.elf
 
Invoking: AVR Create Extended Listing
avr-objdump -h -S src.elf  >"src.lss"
Finished building: src.lss
 
Create Flash image (ihex format)
avr-objcopy -R .eeprom -R .fuse -R .lock -R .signature -O ihex src.elf  "src.hex"
Finished building: src.hex
 
Create eeprom image (ihex format)
avr-objcopy -j .eeprom --no-change-warnings --change-section-lma .eeprom=0 -O ihex src.elf  "src.eep"
Finished building: src.eep
 
Invoking: Print Size
avr-size --format=avr --mcu=attiny24 src.elf
AVR Memory Usage
----------------
Device: attiny24

Program:     516 bytes (25.2% Full)
(.text + .data + .bootloader)

Data:         17 bytes (13.3% Full)
(.data + .bss + .noinit)


Finished building: sizedummy
 

20:40:23 Build Finished (took 126ms)

